# JRE version: Java(TM) SE Runtime Environment (8.0_20-b26) (build 1.8.0_20-b26)
# Java VM: Java HotSpot(TM) 64-Bit Server VM (25.20-b23 mixed mode windows-amd64 compressed oops)
Heap:
 PSYoungGen      total 233984K, used 46015K [0x00000000d5e00000, 0x00000000e6b80000, 0x0000000100000000)
  eden space 208384K, 22% used [0x00000000d5e00000,0x00000000d8aefed8,0x00000000e2980000)
  from space 25600K, 0% used [0x00000000e2980000,0x00000000e2980000,0x00000000e4280000)
  to   space 17920K, 0% used [0x00000000e4280000,0x00000000e4280000,0x00000000e5400000)
 ParOldGen       total 187392K, used 43710K [0x0000000081a00000, 0x000000008d100000, 0x00000000d5e00000)
  object space 187392K, 23% used [0x0000000081a00000,0x00000000844afbf8,0x000000008d100000)
 Metaspace       used 45817K, capacity 46624K, committed 46976K, reserved 1091584K
  class space    used 5519K, capacity 5716K, committed 5760K, reserved 1048576K
GC Heap History (10 events):
Event: 5.590 GC heap before
{Heap before GC invocations=9 (full 1):
 PSYoungGen      total 143360K, used 143337K [0x00000000d5e00000, 0x00000000e5400000, 0x0000000100000000)
  eden space 133120K, 100% used [0x00000000d5e00000,0x00000000de000000,0x00000000de000000)
  from space 10240K, 99% used [0x00000000de000000,0x00000000de9fa790,0x00000000dea00000)
  to   space 17920K, 0% used [0x00000000e4280000,0x00000000e4280000,0x00000000e5400000)
 ParOldGen       total 61440K, used 24136K [0x0000000081a00000, 0x0000000085600000, 0x00000000d5e00000)
  object space 61440K, 39% used [0x0000000081a00000,0x0000000083192110,0x0000000085600000)
 Metaspace       used 28714K, capacity 29398K, committed 29440K, reserved 1075200K
  class space    used 3393K, capacity 3560K, committed 3584K, reserved 1048576K
Event: 5.617 GC heap after
Heap after GC invocations=9 (full 1):
 PSYoungGen      total 226304K, used 17912K [0x00000000d5e00000, 0x00000000e6b80000, 0x0000000100000000)
  eden space 208384K, 0% used [0x00000000d5e00000,0x00000000d5e00000,0x00000000e2980000)
  from space 17920K, 99% used [0x00000000e4280000,0x00000000e53fe3f8,0x00000000e5400000)
  to   space 25600K, 0% used [0x00000000e2980000,0x00000000e2980000,0x00000000e4280000)
 ParOldGen       total 61440K, used 35362K [0x0000000081a00000, 0x0000000085600000, 0x00000000d5e00000)
  object space 61440K, 57% used [0x0000000081a00000,0x0000000083c88948,0x0000000085600000)
 Metaspace       used 28714K, capacity 29398K, committed 29440K, reserved 1075200K
  class space    used 3393K, capacity 3560K, committed 3584K, reserved 1048576K
}
Event: 6.325 GC heap before
{Heap before GC invocations=10 (full 1):
 PSYoungGen      total 226304K, used 226296K [0x00000000d5e00000, 0x00000000e6b80000, 0x0000000100000000)
  eden space 208384K, 100% used [0x00000000d5e00000,0x00000000e2980000,0x00000000e2980000)
  from space 17920K, 99% used [0x00000000e4280000,0x00000000e53fe3f8,0x00000000e5400000)
  to   space 25600K, 0% used [0x00000000e2980000,0x00000000e2980000,0x00000000e4280000)
 ParOldGen       total 61440K, used 35362K [0x0000000081a00000, 0x0000000085600000, 0x00000000d5e00000)
  object space 61440K, 57% used [0x0000000081a00000,0x0000000083c88948,0x0000000085600000)
 Metaspace       used 28735K, capacity 29408K, committed 29440K, reserved 1075200K
  class space    used 3396K, capacity 3562K, committed 3584K, reserved 1048576K
Event: 6.367 GC heap after
Heap after GC invocations=10 (full 1):
 PSYoungGen      total 233984K, used 25585K [0x00000000d5e00000, 0x00000000e6b80000, 0x0000000100000000)
  eden space 208384K, 0% used [0x00000000d5e00000,0x00000000d5e00000,0x00000000e2980000)
  from space 25600K, 99% used [0x00000000e2980000,0x00000000e427c700,0x00000000e4280000)
  to   space 17920K, 0% used [0x00000000e4280000,0x00000000e4280000,0x00000000e5400000)
 ParOldGen       total 61440K, used 54355K [0x0000000081a00000, 0x0000000085600000, 0x00000000d5e00000)
  object space 61440K, 88% used [0x0000000081a00000,0x0000000084f14eb0,0x0000000085600000)
 Metaspace       used 28735K, capacity 29408K, committed 29440K, reserved 1075200K
  class space    used 3396K, capacity 3562K, committed 3584K, reserved 1048576K
}
Event: 6.367 GC heap before
{Heap before GC invocations=11 (full 2):
 PSYoungGen      total 233984K, used 25585K [0x00000000d5e00000, 0x00000000e6b80000, 0x0000000100000000)
  eden space 208384K, 0% used [0x00000000d5e00000,0x00000000d5e00000,0x00000000e2980000)
  from space 25600K, 99% used [0x00000000e2980000,0x00000000e427c700,0x00000000e4280000)
  to   space 17920K, 0% used [0x00000000e4280000,0x00000000e4280000,0x00000000e5400000)
 ParOldGen       total 61440K, used 54355K [0x0000000081a00000, 0x0000000085600000, 0x00000000d5e00000)
  object space 61440K, 88% used [0x0000000081a00000,0x0000000084f14eb0,0x0000000085600000)
 Metaspace       used 28735K, capacity 29408K, committed 29440K, reserved 1075200K
  class space    used 3396K, capacity 3562K, committed 3584K, reserved 1048576K
Event: 6.441 GC heap after
Heap after GC invocations=11 (full 2):
 PSYoungGen      total 233984K, used 0K [0x00000000d5e00000, 0x00000000e6b80000, 0x0000000100000000)
  eden space 208384K, 0% used [0x00000000d5e00000,0x00000000d5e00000,0x00000000e2980000)
  from space 25600K, 0% used [0x00000000e2980000,0x00000000e2980000,0x00000000e4280000)
  to   space 17920K, 0% used [0x00000000e4280000,0x00000000e4280000,0x00000000e5400000)
 ParOldGen       total 61440K, used 56481K [0x0000000081a00000, 0x0000000085600000, 0x00000000d5e00000)
  object space 61440K, 91% used [0x0000000081a00000,0x0000000085128658,0x0000000085600000)
 Metaspace       used 28735K, capacity 29408K, committed 29440K, reserved 1075200K
  class space    used 3396K, capacity 3562K, committed 3584K, reserved 1048576K
}
Event: 7.131 GC heap before
{Heap before GC invocations=12 (full 3):
 PSYoungGen      total 233984K, used 208384K [0x00000000d5e00000, 0x00000000e6b80000, 0x0000000100000000)
  eden space 208384K, 100% used [0x00000000d5e00000,0x00000000e2980000,0x00000000e2980000)
  from space 25600K, 0% used [0x00000000e2980000,0x00000000e2980000,0x00000000e4280000)
  to   space 17920K, 0% used [0x00000000e4280000,0x00000000e4280000,0x00000000e5400000)
 ParOldGen       total 61440K, used 56481K [0x0000000081a00000, 0x0000000085600000, 0x00000000d5e00000)
  object space 61440K, 91% used [0x0000000081a00000,0x0000000085128658,0x0000000085600000)
 Metaspace       used 28745K, capacity 29408K, committed 29440K, reserved 1075200K
  class space    used 3397K, capacity 3562K, committed 3584K, reserved 1048576K
Event: 7.335 GC heap after
Heap after GC invocations=12 (full 3):
 PSYoungGen      total 233984K, used 0K [0x00000000d5e00000, 0x00000000e6b80000, 0x0000000100000000)
  eden space 208384K, 0% used [0x00000000d5e00000,0x00000000d5e00000,0x00000000e2980000)
  from space 25600K, 0% used [0x00000000e2980000,0x00000000e2980000,0x00000000e4280000)
  to   space 17920K, 0% used [0x00000000e4280000,0x00000000e4280000,0x00000000e5400000)
 ParOldGen       total 61440K, used 61381K [0x0000000081a00000, 0x0000000085600000, 0x00000000d5e00000)
  object space 61440K, 99% used [0x0000000081a00000,0x00000000855f16c8,0x0000000085600000)
 Metaspace       used 28745K, capacity 29408K, committed 29440K, reserved 1075200K
  class space    used 3397K, capacity 3562K, committed 3584K, reserved 1048576K
}
Event: 12.572 GC heap before
{Heap before GC invocations=13 (full 4):
 PSYoungGen      total 233984K, used 208384K [0x00000000d5e00000, 0x00000000e6b80000, 0x0000000100000000)
  eden space 208384K, 100% used [0x00000000d5e00000,0x00000000e2980000,0x00000000e2980000)
  from space 25600K, 0% used [0x00000000e2980000,0x00000000e2980000,0x00000000e4280000)
  to   space 17920K, 0% used [0x00000000e4280000,0x00000000e4280000,0x00000000e5400000)
 ParOldGen       total 61440K, used 61381K [0x0000000081a00000, 0x0000000085600000, 0x00000000d5e00000)
  object space 61440K, 99% used [0x0000000081a00000,0x00000000855f16c8,0x0000000085600000)
 Metaspace       used 42536K, capacity 43362K, committed 43520K, reserved 1087488K
  class space    used 5104K, capacity 5333K, committed 5376K, reserved 1048576K
Event: 12.664 GC heap after
Heap after GC invocations=13 (full 4):
 PSYoungGen      total 233984K, used 0K [0x00000000d5e00000, 0x00000000e6b80000, 0x0000000100000000)
  eden space 208384K, 0% used [0x00000000d5e00000,0x00000000d5e00000,0x00000000e2980000)
  from space 25600K, 0% used [0x00000000e2980000,0x00000000e2980000,0x00000000e4280000)
  to   space 17920K, 0% used [0x00000000e4280000,0x00000000e4280000,0x00000000e5400000)
 ParOldGen       total 187392K, used 43710K [0x0000000081a00000, 0x000000008d100000, 0x00000000d5e00000)
  object space 187392K, 23% used [0x0000000081a00000,0x00000000844afbf8,0x000000008d100000)
 Metaspace       used 42534K, capacity 43360K, committed 43520K, reserved 1087488K
  class space    used 5103K, capacity 5332K, committed 5376K, reserved 1048576K
}

